[33m[0mProcessor 7 of 48 online on host thor2.psi.ch
[33m[0mProcessor 8 of 48 online on host thor2.psi.ch
[33m[0m[33m[0mProcessor 27 of 48 online on host thor2.psi.ch
[33m[0mProcessor 31 of 48 online on host thor2.psi.ch
[33m[0m[33m[0m[33m[33m[0m[33m[0m[0mProcessor 21 of 48 online on host thor2.psi.ch
Processor 37 of 48 online on host thor2.psi.ch
[33m[0mProcessor 28 of 48 online on host thor2.psi.ch
Processor 2 of 48 online on host thor2.psi.ch
Processor 18 of 48 online on host thor2.psi.ch
Processor 41 of 48 online on host thor2.psi.ch
[33m[0mProcessor 44 of                                                 _          
                                               (_)         
                    __   ____ _ _ __ ___  _ __  _ _ __ ___ 
                    \ \ / / _` | '_ ` _ \| '_ \| | '__/ _ \
                     \ V / (_| | | | | | | |_) | | | |  __/
                      \_/ \__,_|_| |_| |_| .__/|_|_|  \___|
                                         | |               
                                         |_|               

                      Version 6.0.0 May 27 2025 12:32:27

             Git commit: 4c9651daecc86c3e6b6df0c8055fcd9e89fd900c

  Licensed under the GNU Public License(v2). See licence file for details.

[33m[0mProcessor 32 of 48 online on host thor2.psi.ch
48 online on host thor2.psi.ch
[33m[0m  Lead Developer: Richard F L Evans <richard.evans@york.ac.uk>

  Contributors: Sarah Jenkins, Andrea Meo, Andrew Naden, Matthew Ellis,
                Oscar Arbelaez, Sam Morris, Rory Pond, Weijia Fan,
                Phanwadee Chureemart, Pawel Sobieszczyk, Joe Barker, 
                Thomas Ostler, Andreas Biternas, Roy W Chantrell,
                Wu Hong-Ye, Razvan Ababei, Sam Westmoreland,
                Daniel Meilak
 
                Compiler Flags: MPI 

  Vampire includes a copy of the qhull library from C.B. Barber and The 
  Geometry Center and may be obtained via http from www.qhull.org.

================================================================================
Fri Jun  6 20:56:47 2025
Processor 1 of 48 online on host thor2.psi.ch
================================================================================
Initialising system variables
Processor 48 of 48 online on host thor2.psi.ch
[33m[0mProcessor 20 of 48 online on host thor2.psi.ch
[33m[0mProcessor 10 of 48 online on host thor2.psi.ch
[33m[0mProcessor 34 of 48 online on host thor2.psi.ch
[33m[0mProcessor 5 of 48 online on host thor2.psi.ch
[33m[0mProcessor 40 of 48 online on host thor2.psi.ch
[33m[0mProcessor 19 of 48 online on host thor2.psi.ch
[33m[0mProcessor 6 of 48 online on host thor2.psi.ch
[33m[0mProcessor 13 of 48 online on host thor2.psi.ch
[33m[0m[33m[0m[33m[0mProcessor 22 of 48 online on host thor2.psi.ch
Processor 15 of 48 online on host thor2.psi.ch
Processor 17 of 48 online on host thor2.psi.ch
[33m[0mProcessor 14 of 48 online on host thor2.psi.ch
[33m[0mProcessor 16 of 48 online on host thor2.psi.ch
[33m[0mProcessor 24 of 48 online on host thor2.psi.ch
[33m[0mProcessor 38 of 48 online on host thor2.psi.ch
[33m[0mProcessor 39 of 48 online on host thor2.psi.ch
[33m[0mProcessor 35 of 48 online on host thor2.psi.ch
[33m[0m[33m[0mProcessor 46 of 48 online on host thor2.psi.ch
Processor 23 of 48 online on host thor2.psi.ch
[33m[0m[33m[0m[33m[0m[33m[0mProcessor 33 of 48 online on host thor2.psi.ch
Processor 26 of 48 online on host thor2.psi.ch
[33m[0mProcessor 42 of 48 online on host thor2.psi.ch
Processor 29 of 48 online on host thor2.psi.ch
Processor 30 of 48 online on host thor2.psi.ch
[33m[0m[33m[0mProcessor 45 of 48 online on host thor2.psi.ch
Processor 43 of 48 online on host thor2.psi.ch
[33m[0mProcessor 47 of 48 online on host thor2.psi.ch
[33m[0mProcessor 9 of 48 online on host thor2.psi.ch
[33m[0mProcessor 25 of 48 online on host thor2.psi.ch
[33m[0mProcessor 36 of 48 online on host thor2.psi.ch
[33m[0mProcessor 11 of 48 online on host thor2.psi.ch
[33m[0mProcessor 12 of 48 online on host thor2.psi.ch
[33m[0mProcessor 4 of 48 online on host thor2.psi.ch
[33m[0mProcessor 3 of 48 online on host thor2.psi.ch
Creating system
Reading in unit cell data from disk...done!
Processing unit cell data...
Processing data for 9 atoms...done!
Processing data from 54 interactions...done!
Verifying exchange interactions...done!
System decomposed into 4 x 6 x 2 processors for parallel execution
Copying halo atoms to other processors...[32mdone!
[0mGenerating neighbour list..........[32mdone!
[0mCopying system data to optimised data structures.
Using isotropic form of exchange interaction with 54 total interactions.
Total number of atoms (all CPUs): 28800
Time for initialisation: 0.0488114
Starting Simulation with Program partial-hysteresis-loop...
8          	0.999998   	-2.45741e-05	1.34693e-05	0.888201   	
7.8        	0.999998   	3.24025e-05	-1.21732e-05	0.882241   	
7.6        	0.999998   	-1.86404e-05	-5.21718e-06	0.875184   	
7.4        	0.999998   	-1.43024e-05	4.07613e-06	0.86747    	
7.2        	0.999998   	3.46416e-05	-1.95926e-05	0.858985   	
7          	0.999998   	-2.29366e-05	2.35995e-05	0.84957    	
6.8        	0.999998   	1.24393e-05	2.44686e-05	0.839175   	
6.6        	0.999998   	-2.30876e-05	-1.51162e-05	0.827688   	
6.4        	0.999997   	2.09359e-05	-6.00259e-05	0.815069   	
6.2        	0.999997   	1.76287e-06	5.67193e-05	0.801246   	
6          	0.999997   	1.05376e-05	-2.79685e-05	0.786002   	
5.8        	0.999997   	2.97156e-05	2.94768e-05	0.769467   	
5.6        	0.999997   	-4.2837e-05	-4.50858e-05	0.751413   	
5.4        	0.999997   	1.77633e-06	3.43026e-05	0.732119   	
5.2        	0.999996   	2.014e-05  	2.56142e-05	0.711313   	
5          	0.999996   	-2.1367e-05	-1.86285e-06	0.689274   	
4.8        	0.999996   	4.67228e-05	1.40706e-05	0.666062   	
4.6        	0.999996   	-1.23649e-05	-2.47712e-06	0.641722   	
4.4        	0.999995   	-6.31673e-05	-1.39198e-05	0.61649    	
4.2        	0.999995   	-2.12632e-05	-0.000105998	0.590368   	
4          	0.999994   	3.00867e-06	6.07764e-05	0.563552   	
3.8        	0.999994   	-7.58167e-05	-2.21364e-05	0.536255   	
3.6        	0.999993   	-0.000103857	-3.14156e-05	0.508555   	
3.4        	0.999992   	-0.000104323	3.59206e-05	0.480653   	
3.2        	0.999991   	-1.12492e-05	4.51581e-05	0.452536   	
3          	0.99999    	-0.000137498	8.97594e-05	0.424245   	
2.8        	0.999988   	2.51178e-05	-3.86563e-05	0.396054   	
2.6        	0.999986   	-1.55145e-05	7.50011e-05	0.367917   	
2.4        	0.999984   	-0.00012322	3.99729e-05	0.339761   	
2.2        	0.999981   	5.27988e-05	-4.03359e-05	0.311752   	
2          	0.999977   	-7.42008e-05	-0.000109229	0.28381    	
1.8        	0.999971   	-9.06813e-05	0.00016513 	0.255807   	
1.6        	0.999964   	-0.000205952	-1.64097e-05	0.227874   	
1.4        	0.999954   	-7.58406e-05	-5.81173e-05	0.199834   	
1.2        	0.999935   	-8.83127e-05	5.63283e-05	0.171702   	
1          	0.999908   	-1.17208e-05	-0.000377327	0.143441   	
0.8        	0.999861   	0.000196399	-0.000241874	0.114962   	
0.6        	0.99974    	-0.000177613	0.000414991	0.0863614  	
0.4        	0.999442   	2.34975e-05	-0.00112714	0.057692   	
