[33m[0mProcessor 37 of 48 online on host thor10.psi.ch
[33m[0mProcessor 30 of 48 online on host thor10.psi.ch
[33m[0mProcessor 36 of 48 online on host thor10.psi.ch
[33m[0mProcessor 38 of 48 online on host thor10.psi.ch
[33m[0mProcessor 29 of 48 online on host thor10.psi.ch
[33m[0mProcessor 33 of 48 online on host thor10.psi.ch
[33m[0mProcessor 19 of 48 online on host thor10.psi.ch
[33m[0mProcessor 23 of 48 online on host thor10.psi.ch
[33m[0mProcessor 11 of 48 online on host thor10.psi.ch
[33m[0mProcessor 5 of 48 online on host thor10.psi.ch
[33m[0mProcessor 15 of 48 online on host thor10.psi.ch
[33m[0mProcessor 2 of 48 online on host thor10.psi.ch
[33m[0mProcessor 17 of 48 online on host thor10.psi.ch
[33m[0mProcessor 20 of 48 online on host thor10.psi.ch[33m[0m
Processor 6 of 48 online on host thor10.psi.ch
[33m[0mProcessor 9 of 48 online on host thor10.psi.ch
[33m[0mProcessor 10 of 48 online on host thor10.psi.ch
[33m[0mProcessor 7 of 48 online on host thor10.psi.ch
[33m[0mProcessor 8 of 48 online on host thor10.psi.ch
[33m[0mProcessor 22 of 48 online on host thor10.psi.ch
[33m[0mProcessor 43 of 48 online on host thor10.psi.ch
[33m[0mProcessor 45 of 48 online on host thor10.psi.ch
[33m[0mProcessor 47 of 48 online on host thor10.psi.ch
[33m[0mProcessor 46 of 48 online on host thor10.psi.ch
[33m[0mProcessor 28 of 48 online on host thor10.psi.ch
[33m[0mProcessor 31 of 48 online on host thor10.psi.ch
[33m[0m                                                _          
                                               (_)         
                    __   ____ _ _ __ ___  _ __  _ _ __ ___ 
                    \ \ / / _` | '_ ` _ \| '_ \| | '__/ _ \
                     \ V / (_| | | | | | | |_) | | | |  __/
                      \_/ \__,_|_| |_| |_| .__/|_|_|  \___|
                                         | |               
                                         |_|               

                      Version 6.0.0 May 27 2025 12:32:27

             Git commit: 4c9651daecc86c3e6b6df0c8055fcd9e89fd900c

  Licensed under the GNU Public License(v2). See licence file for details.

  Lead Developer: Richard F L Evans <richard.evans@york.ac.uk>

  Contributors: Sarah Jenkins, Andrea Meo, Andrew Naden, Matthew Ellis,
                Oscar Arbelaez, Sam Morris, Rory Pond, Weijia Fan,
                Phanwadee Chureemart, Pawel Sobieszczyk, Joe Barker, 
                Thomas Ostler, Andreas Biternas, Roy W Chantrell,
                Wu Hong-Ye, Razvan Ababei, Sam Westmoreland,
                Daniel Meilak
 
                Compiler Flags: MPI 

  Vampire includes a copy of the qhull library from C.B. Barber and The 
  Geometry Center and may be obtained via http from www.qhull.org.

================================================================================
Fri Jun  6 20:42:02 2025
Processor 1 of 48 online on host thor10.psi.ch
================================================================================
Initialising system variables
[33m[0mProcessor 25 of 48 online on host thor10.psi.ch
[33m[0mProcessor 27 of 48 online on host thor10.psi.ch
[33m[0m[33m[0mProcessor 32 of 48 online on host thor10.psi.ch
[33m[0mProcessor 34 of 48 online on host thor10.psi.ch
[33m[0mProcessor 39 of 48 online on host thor10.psi.ch
[33m[0mProcessor 40 of 48 online on host thor10.psi.ch
[33m[0mProcessor 41 of 48 online on host thor10.psi.ch
[33m[0mProcessor 42 of 48 online on host thor10.psi.ch
Processor 26 of 48 online on host thor10.psi.ch
[33m[0mProcessor 35 of 48 online on host thor10.psi.ch
[33m[0mProcessor 44 of 48 online on host thor10.psi.ch
[33m[0mProcessor 48 of 48 online on host thor10.psi.ch
[33m[0mProcessor 14 of 48 online on host thor10.psi.ch
[33m[0mProcessor 16 of 48 online on host thor10.psi.ch
[33m[0mProcessor 24 of 48 online on host thor10.psi.ch
[33m[0mProcessor 4 of 48 online on host thor10.psi.ch
[33m[0m[33m[0m[33m[0m[33m[0mProcessor 21 of 48 online on host thor10.psi.ch
[33m[0mProcessor 3 of 48 online on host thor10.psi.ch
Processor 12 of 48 online on host thor10.psi.ch
Processor 13 of 48 online on host thor10.psi.ch
Processor 18 of 48 online on host thor10.psi.ch
Creating system
Reading in unit cell data from disk...done!
Processing unit cell data...
Processing data for 9 atoms...done!
Processing data from 54 interactions...done!
Verifying exchange interactions...done!
System decomposed into 4 x 6 x 2 processors for parallel execution
Copying halo atoms to other processors...[32mdone!
[0mGenerating neighbour list..........[32mdone!
[0mCopying system data to optimised data structures.
Using isotropic form of exchange interaction with 54 total interactions.
Total number of atoms (all CPUs): 28800
Time for initialisation: 0.0368723
Starting Simulation with Program partial-hysteresis-loop...
8          	-5.06488e-05	-1.7207e-05	0.999998   	0.876017   	
7.8        	-2.69023e-05	-2.04991e-05	0.999998   	0.87003    	
7.6        	-6.18005e-05	-2.76277e-05	0.999998   	0.863177   	
7.4        	-9.5516e-06	2.47279e-05	0.999998   	0.855596   	
7.2        	2.61366e-05	3.34019e-05	0.999997   	0.847268   	
7          	-3.60603e-05	-1.99955e-05	0.999997   	0.838197   	
6.8        	-1.14695e-05	3.90221e-05	0.999997   	0.828262   	
6.6        	9.20499e-07	-2.16906e-05	0.999997   	0.817285   	
6.4        	-5.36478e-05	2.78522e-05	0.999997   	0.805304   	
6.2        	2.34814e-05	1.04872e-05	0.999997   	0.792267   	
6          	1.58728e-05	2.87261e-05	0.999997   	0.777853   	
5.8        	-3.4456e-05	2.51321e-05	0.999996   	0.762237   	
5.6        	-5.28804e-05	-1.08598e-05	0.999996   	0.74511    	
5.4        	-1.38286e-05	-6.83513e-05	0.999996   	0.726748   	
5.2        	-6.36322e-05	-6.18327e-05	0.999996   	0.707011   	
5          	-1.98784e-05	4.97309e-05	0.999996   	0.685794   	
4.8        	-4.21529e-05	-2.89404e-06	0.999995   	0.663357   	
4.6        	-5.54325e-05	9.11821e-06	0.999995   	0.639497   	
4.4        	-6.72868e-05	7.39403e-06	0.999994   	0.614683   	
4.2        	-9.48198e-06	1.63282e-05	0.999994   	0.588875   	
4          	-5.9136e-05	-3.47012e-05	0.999993   	0.562269   	
3.8        	3.44344e-05	-0.000118845	0.999992   	0.534958   	
3.6        	-6.9881e-05	-4.17452e-05	0.999992   	0.507184   	
3.4        	1.77092e-05	3.5583e-05 	0.99999    	0.479088   	
3.2        	3.52891e-06	2.25822e-05	0.999989   	0.450745   	
3          	-6.84073e-05	1.74134e-06	0.999987   	0.422336   	
2.8        	5.29449e-05	0.0001007  	0.999986   	0.393984   	
2.6        	8.06706e-05	-4.06667e-05	0.999983   	0.365614   	
2.4        	-3.25925e-05	3.81238e-05	0.99998    	0.337441   	
2.2        	-6.98202e-06	-5.80106e-05	0.999977   	0.309456   	
2          	-1.31993e-05	-7.61474e-06	0.999972   	0.281556   	
1.8        	-1.3341e-05	-8.73165e-05	0.999965   	0.253752   	
1.6        	-8.42046e-05	-7.48312e-05	0.999957   	0.226032   	
1.4        	0.000166156	3.38542e-05	0.999943   	0.198276   	
1.2        	0.000101165	-3.95888e-05	0.999925   	0.170375   	
1          	0.000166079	8.61102e-05	0.999889   	0.142363   	
0.8        	0.000479968	-0.000286939	0.999829   	0.114145   	
0.6        	3.05643e-05	0.00021768 	0.999699   	0.0857816  	
0.4        	0.000101375	-0.000406714	0.999329   	0.0572749  	
0.2        	0.00124208 	-0.00065634	0.997264   	0.0287518  	
-0         	-0.00394338	-0.00615437	0.0065015  	0.00240903 	
Simulation run time [s]: 226.964
Monte Carlo statistics:
	Total moves: 12096000000
	49.9432% Accepted
	50.0568% Rejected
[32mSimulation ended gracefully.
[0m