[33m[0mProcessor 36 of 48 online on host thor3.psi.ch
[33m[0mProcessor 44 of 48 online on host thor3.psi.ch
[33m[0m[33m[0m[33m[0mProcessor 27 of 48 online on host thor3.psi.ch
Processor 43 of 48 online on host thor3.psi.ch
Processor 25 of 48 online on host thor3.psi.ch
[33m[0mProcessor 17 of 48 online on host thor3.psi.ch
[33m[0mProcessor 24 of 48 online on host thor3.psi.ch
[33m[0mProcessor 26 of 48 online on host thor3.psi.ch
[33m[0mProcessor 48 of 48 online on host thor3.psi.ch
[33m[0mProcessor 7 of 48 online on host thor3.psi.ch
[33m[0mProcessor 20 of 48 online on host thor3.psi.ch
[33m[0mProcessor 22 of 48 online on host thor3.psi.ch
[33m[0mProcessor 28 of 48 online on host thor3.psi.ch
[33m[0m[33m[0mProcessor 23 of 48 online on host thor3.psi.ch
Processor 8 of 48 online on host thor3.psi.ch
[33m[0m[33m[0mProcessor 5 of Processor 12 of 48 online on host thor3.psi.ch
[33m[0mProcessor 3 of 48 online on host thor3.psi.ch
48 online on host thor3.psi.ch
[33m[0mProcessor 10 of 48 online on host thor3.psi.ch
[33m[0mProcessor 9 of 48 online on host thor3.psi.ch
[33m[0mProcessor 4 of 48 online on host thor3.psi.ch
[33m[0m[33m[0m[33m[0mProcessor 19 of 48 online on host thor3.psi.ch
Processor 2 of 48 online on host thor3.psi.ch
[33m[0mProcessor 16 of 48 online on host thor3.psi.ch
[33m[0mProcessor 13 of 48 online on host thor3.psi.ch
[33m[0mProcessor 18 of 48 online on host thor3.psi.ch
                                                _          
                                               (_)         
                    __   ____ _ _ __ ___  _ __  _ _ __ ___ 
                    \ \ / / _` | '_ ` _ \| '_ \| | '__/ _ \
                     \ V / (_| | | | | | | |_) | | | |  __/
                      \_/ \__,_|_| |_| |_| .__/|_|_|  \___|
                                         | |               
                                         |_|               

                      Version 6.0.0 May 27 2025 12:32:27

             Git commit: 4c9651daecc86c3e6b6df0c8055fcd9e89fd900c

  Licensed under the GNU Public License(v2). See licence file for details.

  Lead Developer: Richard F L Evans <richard.evans@york.ac.uk>

  Contributors: Sarah Jenkins, Andrea Meo, Andrew Naden, Matthew Ellis,
                Oscar Arbelaez, Sam Morris, Rory Pond, Weijia Fan,
                Phanwadee Chureemart, Pawel Sobieszczyk, Joe Barker, 
                Thomas Ostler, Andreas Biternas, Roy W Chantrell,
                Wu Hong-Ye, Razvan Ababei, Sam Westmoreland,
                Daniel Meilak
 
                Compiler Flags: MPI 

  Vampire includes a copy of the qhull library from C.B. Barber and The 
  Geometry Center and may be obtained via http from www.qhull.org.

================================================================================
Fri Jun  6 20:56:56 2025
Processor 1 of 48 online on host thor3.psi.ch
================================================================================
Initialising system variables
[33m[0mProcessor 14 of 48 online on host thor3.psi.ch
[33m[0mProcessor 11 of 48 online on host thor3.psi.ch
[33m[0mProcessor 21 of 48 online on host thor3.psi.ch
[33m[0mProcessor 42 of 48 online on host thor3.psi.ch
[33m[0m[33m[0mProcessor 33 of 48 online on host thor3.psi.ch
[33m[0mProcessor 37 of 48 online on host thor3.psi.ch
Processor 32 of 48 online on host thor3.psi.ch
[33m[0mProcessor 41 of 48 online on host thor3.psi.ch
[33m[0mProcessor 40 of 48 online on host thor3.psi.ch
[33m[0mProcessor 30 of 48 online on host thor3.psi.ch
[33m[0mProcessor 39 of 48 online on host thor3.psi.ch
[33m[0mProcessor 31 of 48 online on host thor3.psi.ch
[33m[0mProcessor 29 of 48 online on host thor3.psi.ch
[33m[0m[33m[0m[33m[0mProcessor 6 of 48 online on host thor3.psi.ch
[33m[0mProcessor 35 of 48 online on host thor3.psi.ch
[33m[0mProcessor 45 of 48 online on host thor3.psi.ch
Processor 15 of 48 online on host thor3.psi.ch
Processor 34 of 48 online on host thor3.psi.ch
[33m[0mProcessor 38 of 48 online on host thor3.psi.ch
[33m[0mProcessor 46 of 48 online on host thor3.psi.ch
[33m[0mProcessor 47 of 48 online on host thor3.psi.ch
Creating system
Reading in unit cell data from disk...done!
Processing unit cell data...
Processing data for 9 atoms...done!
Processing data from 54 interactions...done!
Verifying exchange interactions...done!
System decomposed into 4 x 6 x 2 processors for parallel execution
Copying halo atoms to other processors...[32mdone!
[0mGenerating neighbour list..........[32mdone!
[0mCopying system data to optimised data structures.
Using isotropic form of exchange interaction with 54 total interactions.
Total number of atoms (all CPUs): 28800
Time for initialisation: 0.0481431
Starting Simulation with Program partial-hysteresis-loop...
8          	0.999998   	3.01003e-05	9.14926e-06	0.884601   	
7.8        	0.999998   	-9.34312e-06	3.3081e-05 	0.878472   	
7.6        	0.999998   	-8.35411e-06	-5.8602e-05	0.871417   	
7.4        	0.999998   	-4.03593e-05	-7.68532e-06	0.86358    	
7.2        	0.999998   	-3.09402e-06	2.32432e-05	0.854978   	
7          	0.999998   	2.29117e-05	9.4853e-06 	0.845475   	
6.8        	0.999998   	3.56387e-06	-2.5063e-05	0.834992   	
6.6        	0.999998   	2.27931e-05	6.09241e-06	0.823495   	
6.4        	0.999997   	-2.49343e-05	-3.53656e-05	0.810832   	
6.2        	0.999997   	1.12425e-05	-9.45317e-06	0.797      	
6          	0.999997   	-1.71208e-05	5.01157e-05	0.781787   	
5.8        	0.999997   	6.36729e-06	1.03889e-05	0.765294   	
5.6        	0.999997   	-1.64389e-05	-2.04804e-05	0.747411   	
5.4        	0.999997   	-3.225e-05 	-4.53696e-05	0.728194   	
5.2        	0.999996   	1.87716e-05	5.45237e-05	0.707636   	
5          	0.999996   	-4.50597e-05	-1.08455e-05	0.685802   	
4.8        	0.999996   	-6.30783e-05	2.20803e-05	0.662758   	
4.6        	0.999995   	6.16254e-05	8.81144e-06	0.638678   	
4.4        	0.999995   	-0.000114417	-3.78904e-05	0.61357    	
4.2        	0.999995   	-8.24364e-05	6.23543e-05	0.587706   	
4          	0.999994   	-1.19272e-05	6.09146e-05	0.561137   	
3.8        	0.999993   	2.62634e-05	-8.51988e-06	0.534071   	
3.6        	0.999993   	-0.000132276	-3.36791e-05	0.50655    	
3.4        	0.999992   	-5.53879e-05	-8.90914e-05	0.478841   	
3.2        	0.999991   	-4.43468e-06	-8.57311e-05	0.450835   	
3          	0.999989   	7.32652e-05	2.19532e-05	0.422772   	
2.8        	0.999988   	4.39598e-05	8.67313e-05	0.394667   	
2.6        	0.999986   	7.20419e-05	-6.87661e-06	0.366635   	
2.4        	0.999983   	-2.92383e-05	-5.1373e-05	0.338634   	
2.2        	0.99998    	-3.69349e-05	-0.00012181	0.310678   	
2          	0.999976   	8.45859e-05	5.37604e-05	0.282795   	
1.8        	0.999971   	-6.89965e-05	-3.34866e-05	0.254889   	
1.6        	0.999963   	4.65583e-06	0.000220396	0.226996   	
1.4        	0.999952   	0.000147268	-9.70418e-06	0.199035   	
1.2        	0.999934   	-6.0692e-05	3.60683e-05	0.17096    	
1          	0.999904   	1.94037e-05	-0.000264139	0.142768   	
0.8        	0.999853   	-0.000113727	-1.10123e-05	0.114443   	
